{"name": "test_open_login_value_form", "status": "failed", "statusDetails": {"message": "AssertionError", "trace": "self = <AppiumFramework.pages.LoginPage.LoginPage object at 0x04610760>, text = 'admin@gmail.com', locatorValue = 'com.code2lead.kwad:id/Et4', locatorType = 'id'\n\n    def sendText(self, text, locatorValue, locatorType=\"id\"):\n        element = None\n        try:\n            locatorType = locatorType.lower()\n            element = self.getElement(locatorValue, locatorType)\n>           element.send_keys(text)\nE           AttributeError: 'NoneType' object has no attribute 'send_keys'\n\n..\\base\\BaseTest.py:91: AttributeError\n\nDuring handling of the above exception, another exception occurred:\n\nself = <AppiumFramework.tests.LoginFormTest.LoginPageTest testMethod=test_open_login_value_form>\n\n    @pytest.mark.run(order=1)\n    def test_open_login_value_form(self):\n>       self.loginPage.loginPageEmail()\n\nLoginFormTest.py:36: \n_ _ _ _ _ _ _ _ _ _ _ _ _ _ _ _ _ _ _ _ _ _ _ _ _ _ _ _ _ _ _ _ _ _ _ _ _ _ _ _ _ _ _ _ _ _ _ _ _ _ _ _ _ _ _ _ _ _ _ _ _ _ _ _ _ _ _ _ _ _ _ _ _ _ _ _ _ _ _ _ _ _ _ _ _ _ _ _ _ _ _ _ _ _ _ _ _ _ _ _ _ _ _ _ _ _ _ _ _ _ _ _ _ _ _ _ _ \n..\\pages\\LoginPage.py:36: in loginPageEmail\n    self.sendText(\"admin@gmail.com\", self._loginPageEmail, \"id\")\n_ _ _ _ _ _ _ _ _ _ _ _ _ _ _ _ _ _ _ _ _ _ _ _ _ _ _ _ _ _ _ _ _ _ _ _ _ _ _ _ _ _ _ _ _ _ _ _ _ _ _ _ _ _ _ _ _ _ _ _ _ _ _ _ _ _ _ _ _ _ _ _ _ _ _ _ _ _ _ _ _ _ _ _ _ _ _ _ _ _ _ _ _ _ _ _ _ _ _ _ _ _ _ _ _ _ _ _ _ _ _ _ _ _ _ _ _ \n\nself = <AppiumFramework.pages.LoginPage.LoginPage object at 0x04610760>, text = 'admin@gmail.com', locatorValue = 'com.code2lead.kwad:id/Et4', locatorType = 'id'\n\n    def sendText(self, text, locatorValue, locatorType=\"id\"):\n        element = None\n        try:\n            locatorType = locatorType.lower()\n            element = self.getElement(locatorValue, locatorType)\n            element.send_keys(text)\n            self.logger.info(\n                f\"Send text on element with LocatorType {locatorType}\"\n                f\" and LocatorValue {locatorValue}\")\n        except:\n            self.logger.info(f\"Unable to send text element with LocatorType \"\n                             f\"{locatorType} and LocatorValue {locatorValue}\")\n            self.getScreenshot(locatorType)\n>           assert False\nE           AssertionError\n\n..\\base\\BaseTest.py:99: AssertionError"}, "attachments": [{"name": "id", "source": "141fbec8-28ae-49c0-a32c-d6169f04943d-attachment.png", "type": "image/png"}, {"name": "log", "source": "18873857-d994-47d4-b5d8-5449889917c0-attachment.txt", "type": "text/plain"}], "start": 1682960497602, "stop": 1682960545172, "uuid": "4c7bd01c-ef77-45a3-a050-6b4bc004dd8c", "historyId": "4e84c4ea70c6549edb6c87d5bcd9e85c", "testCaseId": "c797f5db3da4a04a26c8f0e8dfe6516c", "fullName": "LoginFormTest.LoginPageTest#test_open_login_value_form", "labels": [{"name": "tag", "value": "run(order=1)"}, {"name": "tag", "value": "@pytest.mark.usefixtures('class_fixture', 'method_fixture')"}, {"name": "suite", "value": "LoginFormTest"}, {"name": "subSuite", "value": "LoginPageTest"}, {"name": "host", "value": "DESKTOP-K37OCDU"}, {"name": "thread", "value": "5164-MainThread"}, {"name": "framework", "value": "pytest"}, {"name": "language", "value": "cpython3"}, {"name": "package", "value": "LoginFormTest"}]}